<?xml version="1.0" encoding="UTF-8"?>
<!-- Generated by org.testng.reporters.JUnitReportReporter -->
<testsuite skipped="0" hostname="DESKTOP-61NKQJH" name="smokeTest.flipkart" tests="1" failures="0" timestamp="2021-05-26T09:44:39 IST" time="30.100" errors="0">
  <testcase name="login" time="30.100" classname="smokeTest.flipkart"/>
  <system-out/>
</testsuite> <!-- smokeTest.flipkart -->
